<?xml version="1.0" encoding="UTF-8"?>
<!-- Generated by org.testng.reporters.JUnitReportReporter -->
<testsuite hostname="DESKTOP-HGFED12" name="SwaggerUIWithRestAssured.RestAssuredAPI" tests="5" failures="0" timestamp="23 Aug 2021 12:46:22 GMT" time="11.400" errors="0">
  <testcase name="getCustomerDetailsById" time="0.584" classname="SwaggerUIWithRestAssured.RestAssuredAPI"/>
  <testcase name="getAddedFromDetails" time="0.643" classname="SwaggerUIWithRestAssured.RestAssuredAPI"/>
  <testcase name="AddNewCustomers" time="1.728" classname="SwaggerUIWithRestAssured.RestAssuredAPI"/>
  <testcase name="getAccessToken" time="7.761" classname="SwaggerUIWithRestAssured.RestAssuredAPI"/>
  <testcase name="LogIntoSwaggerUIApplicationAsAdmin" time="0.684" classname="SwaggerUIWithRestAssured.RestAssuredAPI"/>
</testsuite> <!-- SwaggerUIWithRestAssured.RestAssuredAPI -->
